#
# There is insufficient memory for the Java Runtime Environment to continue.
# Native memory allocation (malloc) failed to allocate 1113776 bytes. Error detail: Chunk::new
# Possible reasons:
#   The system is out of physical RAM or swap space
#   This process is running with CompressedOops enabled, and the Java Heap may be blocking the growth of the native heap
# Possible solutions:
#   Reduce memory load on the system
#   Increase physical memory or swap space
#   Check if swap backing store is full
#   Decrease Java heap size (-Xmx/-Xms)
#   Decrease number of Java threads
#   Decrease Java thread stack sizes (-Xss)
#   Set larger code cache with -XX:ReservedCodeCacheSize=
#   JVM is running with Unscaled Compressed Oops mode in which the Java heap is
#     placed in the first 4GB address space. The Java Heap base address is the
#     maximum limit for the native heap growth. Please use -XX:HeapBaseMinAddress
#     to set the Java Heap base and to place the Java Heap above 4GB virtual address.
# This output file may be truncated or incomplete.
#
#  Out of Memory Error (arena.cpp:191), pid=11436, tid=9956
#
# JRE version: OpenJDK Runtime Environment Temurin-17.0.11+9 (17.0.11+9) (build 17.0.11+9)
# Java VM: OpenJDK 64-Bit Server VM Temurin-17.0.11+9 (17.0.11+9, mixed mode, tiered, compressed oops, compressed class ptrs, parallel gc, windows-amd64)
# No core dump will be written. Minidumps are not enabled by default on client versions of Windows
#

---------------  S U M M A R Y ------------

Command Line: --add-modules=ALL-SYSTEM --add-opens=java.base/java.util=ALL-UNNAMED --add-opens=java.base/java.lang=ALL-UNNAMED --add-opens=java.base/sun.nio.fs=ALL-UNNAMED -Declipse.application=org.eclipse.jdt.ls.core.id1 -Dosgi.bundles.defaultStartLevel=4 -Declipse.product=org.eclipse.jdt.ls.core.product -Djava.import.generatesMetadataFilesAtProjectRoot=false -DDetectVMInstallationsJob.disabled=true -Dfile.encoding=utf8 -XX:+UseParallelGC -XX:GCTimeRatio=4 -XX:AdaptiveSizePolicyWeight=90 -Dsun.zip.disableMemoryMapping=true -Xmx1G -Xms100m -Xlog:disable -javaagent:c:\Users\sockm\.vscode\extensions\redhat.java-1.32.0-win32-x64\lombok\lombok-1.18.33.jar c:\Users\sockm\.vscode\extensions\redhat.java-1.32.0-win32-x64\server\plugins\org.eclipse.equinox.launcher_1.6.900.v20240613-2009.jar -configuration c:\Users\sockm\AppData\Roaming\Code\User\globalStorage\redhat.java\1.32.0\config_ss_win -data c:\Users\sockm\AppData\Roaming\Code\User\workspaceStorage\3cac38c22bd907a88ef1ffb2670133f4\redhat.java\ss_ws --pipe=\\.\pipe\lsp-92b6d60591f17a81e15798d21a4a220a-sock

Host: Intel(R) Core(TM) i7-10750H CPU @ 2.60GHz, 12 cores, 15G,  Windows 11 , 64 bit Build 22621 (10.0.22621.3672)
Time: Sat Jul 20 19:19:07 2024 Eastern Daylight Time elapsed time: 108.678691 seconds (0d 0h 1m 48s)

---------------  T H R E A D  ---------------

Current thread (0x0000019117ac57a0):  JavaThread "C2 CompilerThread1" daemon [_thread_in_native, id=9956, stack(0x0000007592700000,0x0000007592800000)]


Current CompileTask:
C2: 108678 14243       4       org.eclipse.jdt.internal.compiler.lookup.Scope::findMethod0 (1777 bytes)

Stack: [0x0000007592700000,0x0000007592800000]
Native frames: (J=compiled Java code, j=interpreted, Vv=VM code, C=native code)
V  [jvm.dll+0x67d429]
V  [jvm.dll+0x834b7a]
V  [jvm.dll+0x83663e]
V  [jvm.dll+0x836ca3]
V  [jvm.dll+0x247dbf]
V  [jvm.dll+0xac534]
V  [jvm.dll+0xacb7c]
V  [jvm.dll+0x3665f2]
V  [jvm.dll+0x330bba]
V  [jvm.dll+0x33005a]
V  [jvm.dll+0x21a471]
V  [jvm.dll+0x2198b1]
V  [jvm.dll+0x1a534d]
V  [jvm.dll+0x2295cd]
V  [jvm.dll+0x22779c]
V  [jvm.dll+0x7e9d07]
V  [jvm.dll+0x7e410a]
V  [jvm.dll+0x67c315]
C  [ucrtbase.dll+0x29333]
C  [KERNEL32.DLL+0x1257d]
C  [ntdll.dll+0x5af28]


---------------  P R O C E S S  ---------------

Threads class SMR info:
_java_thread_list=0x0000019119030560, length=46, elements={
0x000001917c0c3a10, 0x000001917ef49020, 0x000001917ef49cb0, 0x00000191150b1920,
0x00000191150b2060, 0x00000191150b3630, 0x00000191150b9ba0, 0x00000191150c1530,
0x00000191150c22a0, 0x00000191150c2f60, 0x000001917c127b30, 0x000001911683e3c0,
0x0000019117003500, 0x00000191171a8930, 0x00000191172cf760, 0x0000019116f11af0,
0x00000191170e7370, 0x00000191170e7d90, 0x00000191170e7880, 0x00000191170e87b0,
0x00000191170e6e60, 0x00000191170e8cc0, 0x00000191170e91d0, 0x00000191170ea100,
0x0000019118dc78c0, 0x0000019118dcab60, 0x0000019118dcced0, 0x0000019118dcb070,
0x0000019118dca140, 0x0000019118dcc4b0, 0x0000019118dcb580, 0x0000019118dcd3e0,
0x0000019118dcba90, 0x0000019118dcc9c0, 0x0000019118dc73b0, 0x0000019118dc82e0,
0x0000019118dc9c30, 0x0000019118dcde00, 0x0000019118dc6990, 0x0000019118dc87f0,
0x0000019118dc6ea0, 0x0000019118dc8d00, 0x0000019117d49e30, 0x0000019117d484e0,
0x0000019117ac57a0, 0x0000019117acb740
}

Java Threads: ( => current thread )
  0x000001917c0c3a10 JavaThread "main" [_thread_blocked, id=27520, stack(0x0000007592a00000,0x0000007592b00000)]
  0x000001917ef49020 JavaThread "Reference Handler" daemon [_thread_blocked, id=23032, stack(0x0000007592d00000,0x0000007592e00000)]
  0x000001917ef49cb0 JavaThread "Finalizer" daemon [_thread_blocked, id=12764, stack(0x0000007592e00000,0x0000007592f00000)]
  0x00000191150b1920 JavaThread "Signal Dispatcher" daemon [_thread_blocked, id=7136, stack(0x0000007592f00000,0x0000007593000000)]
  0x00000191150b2060 JavaThread "Attach Listener" daemon [_thread_blocked, id=17380, stack(0x0000007593000000,0x0000007593100000)]
  0x00000191150b3630 JavaThread "Service Thread" daemon [_thread_blocked, id=2008, stack(0x0000007593100000,0x0000007593200000)]
  0x00000191150b9ba0 JavaThread "Monitor Deflation Thread" daemon [_thread_blocked, id=16468, stack(0x0000007593200000,0x0000007593300000)]
  0x00000191150c1530 JavaThread "C2 CompilerThread0" daemon [_thread_blocked, id=1676, stack(0x0000007593300000,0x0000007593400000)]
  0x00000191150c22a0 JavaThread "C1 CompilerThread0" daemon [_thread_blocked, id=10896, stack(0x0000007593400000,0x0000007593500000)]
  0x00000191150c2f60 JavaThread "Sweeper thread" daemon [_thread_blocked, id=28488, stack(0x0000007593500000,0x0000007593600000)]
  0x000001917c127b30 JavaThread "Common-Cleaner" daemon [_thread_blocked, id=4180, stack(0x0000007593600000,0x0000007593700000)]
  0x000001911683e3c0 JavaThread "Notification Thread" daemon [_thread_blocked, id=21916, stack(0x0000007593800000,0x0000007593900000)]
  0x0000019117003500 JavaThread "Active Thread: Equinox Container: fe470b3a-1a82-4dd2-bc28-a6e3acb47ca2" [_thread_blocked, id=23288, stack(0x0000007594100000,0x0000007594200000)]
  0x00000191171a8930 JavaThread "Framework Event Dispatcher: Equinox Container: fe470b3a-1a82-4dd2-bc28-a6e3acb47ca2" daemon [_thread_blocked, id=14676, stack(0x0000007594200000,0x0000007594300000)]
  0x00000191172cf760 JavaThread "Start Level: Equinox Container: fe470b3a-1a82-4dd2-bc28-a6e3acb47ca2" daemon [_thread_blocked, id=25712, stack(0x0000007594300000,0x0000007594400000)]
  0x0000019116f11af0 JavaThread "SCR Component Actor" daemon [_thread_blocked, id=25180, stack(0x0000007593a00000,0x0000007593b00000)]
  0x00000191170e7370 JavaThread "Worker-JM" [_thread_blocked, id=11252, stack(0x0000007594500000,0x0000007594600000)]
  0x00000191170e7d90 JavaThread "Worker-0" [_thread_blocked, id=2804, stack(0x0000007594a00000,0x0000007594b00000)]
  0x00000191170e7880 JavaThread "Worker-2: Building" [_thread_in_native, id=25448, stack(0x0000007594800000,0x0000007594900000)]
  0x00000191170e87b0 JavaThread "JNA Cleaner" daemon [_thread_blocked, id=24484, stack(0x0000007594900000,0x0000007594a00000)]
  0x00000191170e6e60 JavaThread "Thread-2" daemon [_thread_in_native, id=25088, stack(0x0000007594c00000,0x0000007594d00000)]
  0x00000191170e8cc0 JavaThread "Thread-3" daemon [_thread_in_native, id=11100, stack(0x0000007594d00000,0x0000007594e00000)]
  0x00000191170e91d0 JavaThread "Thread-4" daemon [_thread_in_native, id=16844, stack(0x0000007594e00000,0x0000007594f00000)]
  0x00000191170ea100 JavaThread "Thread-5" daemon [_thread_in_native, id=8904, stack(0x0000007594f00000,0x0000007595000000)]
  0x0000019118dc78c0 JavaThread "Thread-6" daemon [_thread_in_native, id=27376, stack(0x0000007595000000,0x0000007595100000)]
  0x0000019118dcab60 JavaThread "Thread-7" daemon [_thread_in_native, id=15708, stack(0x0000007595100000,0x0000007595200000)]
  0x0000019118dcced0 JavaThread "Thread-8" daemon [_thread_in_native, id=3696, stack(0x0000007595200000,0x0000007595300000)]
  0x0000019118dcb070 JavaThread "Thread-9" daemon [_thread_in_native, id=18036, stack(0x0000007595300000,0x0000007595400000)]
  0x0000019118dca140 JavaThread "Thread-10" daemon [_thread_in_native, id=22664, stack(0x0000007595400000,0x0000007595500000)]
  0x0000019118dcc4b0 JavaThread "Thread-11" daemon [_thread_in_native, id=23436, stack(0x0000007595500000,0x0000007595600000)]
  0x0000019118dcb580 JavaThread "Thread-12" daemon [_thread_in_native, id=17840, stack(0x0000007595600000,0x0000007595700000)]
  0x0000019118dcd3e0 JavaThread "Thread-13" daemon [_thread_in_native, id=7024, stack(0x0000007595700000,0x0000007595800000)]
  0x0000019118dcba90 JavaThread "Thread-14" daemon [_thread_in_native, id=368, stack(0x0000007595800000,0x0000007595900000)]
  0x0000019118dcc9c0 JavaThread "pool-2-thread-1" [_thread_blocked, id=25028, stack(0x0000007595900000,0x0000007595a00000)]
  0x0000019118dc73b0 JavaThread "WorkspaceEventsHandler" [_thread_blocked, id=15216, stack(0x0000007594400000,0x0000007594500000)]
  0x0000019118dc82e0 JavaThread "pool-1-thread-1" [_thread_blocked, id=22576, stack(0x0000007595a00000,0x0000007595b00000)]
  0x0000019118dc9c30 JavaThread "ForkJoinPool.commonPool-worker-1" daemon [_thread_blocked, id=11296, stack(0x0000007595b00000,0x0000007595c00000)]
  0x0000019118dcde00 JavaThread "ForkJoinPool.commonPool-worker-2" daemon [_thread_blocked, id=10848, stack(0x0000007595c00000,0x0000007595d00000)]
  0x0000019118dc6990 JavaThread "ForkJoinPool.commonPool-worker-3" daemon [_thread_blocked, id=22616, stack(0x0000007595d00000,0x0000007595e00000)]
  0x0000019118dc87f0 JavaThread "ForkJoinPool.commonPool-worker-4" daemon [_thread_blocked, id=19652, stack(0x0000007595e00000,0x0000007595f00000)]
  0x0000019118dc6ea0 JavaThread "ForkJoinPool.commonPool-worker-5" daemon [_thread_blocked, id=20952, stack(0x0000007595f00000,0x0000007596000000)]
  0x0000019118dc8d00 JavaThread "ForkJoinPool.commonPool-worker-6" daemon [_thread_blocked, id=15952, stack(0x0000007596000000,0x0000007596100000)]
  0x0000019117d49e30 JavaThread "Worker-3" [_thread_blocked, id=20620, stack(0x0000007596300000,0x0000007596400000)]
  0x0000019117d484e0 JavaThread "Compiler Processing Task" daemon [_thread_in_native, id=19628, stack(0x0000007592900000,0x0000007592a00000)]
=>0x0000019117ac57a0 JavaThread "C2 CompilerThread1" daemon [_thread_in_native, id=9956, stack(0x0000007592700000,0x0000007592800000)]
  0x0000019117acb740 JavaThread "C2 CompilerThread2" daemon [_thread_blocked, id=15544, stack(0x0000007592800000,0x0000007592900000)]

Other Threads:
  0x0000019115082860 VMThread "VM Thread" [stack: 0x0000007592c00000,0x0000007592d00000] [id=14304]
  0x000001911683a0a0 WatcherThread [stack: 0x0000007593900000,0x0000007593a00000] [id=25588]
  0x000001917c0d7bc0 GCTaskThread "GC Thread#0" [stack: 0x0000007592b00000,0x0000007592c00000] [id=22264]
  0x0000019116f21890 GCTaskThread "GC Thread#1" [stack: 0x0000007593b00000,0x0000007593c00000] [id=26412]
  0x0000019116f21b50 GCTaskThread "GC Thread#2" [stack: 0x0000007593c00000,0x0000007593d00000] [id=8964]
  0x0000019116f21e10 GCTaskThread "GC Thread#3" [stack: 0x0000007593d00000,0x0000007593e00000] [id=5008]
  0x0000019116f220d0 GCTaskThread "GC Thread#4" [stack: 0x0000007593e00000,0x0000007593f00000] [id=26092]
  0x0000019116f22390 GCTaskThread "GC Thread#5" [stack: 0x0000007593f00000,0x0000007594000000] [id=18728]
  0x0000019116f22650 GCTaskThread "GC Thread#6" [stack: 0x0000007594000000,0x0000007594100000] [id=21108]
  0x000001911722b820 GCTaskThread "GC Thread#7" [stack: 0x0000007593700000,0x0000007593800000] [id=13840]
  0x00000191170f5e80 GCTaskThread "GC Thread#8" [stack: 0x0000007594600000,0x0000007594700000] [id=25140]
  0x00000191170f6140 GCTaskThread "GC Thread#9" [stack: 0x0000007594700000,0x0000007594800000] [id=11676]

Threads with active compile tasks:
C2 CompilerThread1   109076 14243       4       org.eclipse.jdt.internal.compiler.lookup.Scope::findMethod0 (1777 bytes)

VM state: not at safepoint (normal execution)

VM Mutex/Monitor currently owned by a thread: None

Heap address: 0x00000000c0000000, size: 1024 MB, Compressed Oops mode: 32-bit

CDS archive(s) not mapped
Compressed class space mapped at: 0x0000000100000000-0x0000000140000000, reserved size: 1073741824
Narrow klass base: 0x0000000000000000, Narrow klass shift: 3, Narrow klass range: 0x140000000

GC Precious Log:
 CPUs: 12 total, 12 available
 Memory: 16204M
 Large Page Support: Disabled
 NUMA Support: Disabled
 Compressed Oops: Enabled (32-bit)
 Alignments: Space 512K, Generation 512K, Heap 2M
 Heap Min Capacity: 100M
 Heap Initial Capacity: 100M
 Heap Max Capacity: 1G
 Pre-touch: Disabled
 Parallel Workers: 10

Heap:
 PSYoungGen      total 10752K, used 5508K [0x00000000eab00000, 0x00000000eba00000, 0x0000000100000000)
  eden space 6144K, 18% used [0x00000000eab00000,0x00000000eac21060,0x00000000eb100000)
  from space 4608K, 94% used [0x00000000eb100000,0x00000000eb53fff0,0x00000000eb580000)
  to   space 4608K, 0% used [0x00000000eb580000,0x00000000eb580000,0x00000000eba00000)
 ParOldGen       total 441344K, used 392776K [0x00000000c0000000, 0x00000000daf00000, 0x00000000eab00000)
  object space 441344K, 88% used [0x00000000c0000000,0x00000000d7f922a0,0x00000000daf00000)
 Metaspace       used 57356K, committed 58240K, reserved 1114112K
  class space    used 5303K, committed 5696K, reserved 1048576K

Card table byte_map: [0x000001917ba50000,0x000001917bc60000] _byte_map_base: 0x000001917b450000

Marking Bits: (ParMarkBitMap*) 0x00007ff87f53d820
 Begin Bits: [0x000001910f000000, 0x0000019110000000)
 End Bits:   [0x0000019110000000, 0x0000019111000000)

Polling page: 0x000001917a010000

Metaspace:

Usage:
  Non-class:     50.83 MB used.
      Class:      5.18 MB used.
       Both:     56.01 MB used.

Virtual space:
  Non-class space:       64.00 MB reserved,      51.31 MB ( 80%) committed,  1 nodes.
      Class space:        1.00 GB reserved,       5.56 MB ( <1%) committed,  1 nodes.
             Both:        1.06 GB reserved,      56.88 MB (  5%) committed. 

Chunk freelists:
   Non-Class:  12.16 MB
       Class:  10.45 MB
        Both:  22.62 MB

MaxMetaspaceSize: unlimited
CompressedClassSpaceSize: 1.00 GB
Initial GC threshold: 21.00 MB
Current GC threshold: 94.50 MB
CDS: off
MetaspaceReclaimPolicy: balanced
 - commit_granule_bytes: 65536.
 - commit_granule_words: 8192.
 - virtual_space_node_default_size: 8388608.
 - enlarge_chunks_in_place: 1.
 - new_chunks_are_fully_committed: 0.
 - uncommit_free_chunks: 1.
 - use_allocation_guard: 0.
 - handle_deallocations: 1.


Internal statistics:

num_allocs_failed_limit: 6.
num_arena_births: 538.
num_arena_deaths: 26.
num_vsnodes_births: 2.
num_vsnodes_deaths: 0.
num_space_committed: 910.
num_space_uncommitted: 0.
num_chunks_returned_to_freelist: 38.
num_chunks_taken_from_freelist: 2690.
num_chunk_merges: 19.
num_chunk_splits: 1693.
num_chunks_enlarged: 1060.
num_inconsistent_stats: 0.

CodeHeap 'non-profiled nmethods': size=120000Kb used=13355Kb max_used=13863Kb free=106644Kb
 bounds [0x0000019107ad0000, 0x0000019108870000, 0x000001910f000000]
CodeHeap 'profiled nmethods': size=120000Kb used=20763Kb max_used=22414Kb free=99237Kb
 bounds [0x0000019100000000, 0x0000019101600000, 0x0000019107530000]
CodeHeap 'non-nmethods': size=5760Kb used=1370Kb max_used=1521Kb free=4389Kb
 bounds [0x0000019107530000, 0x00000191077a0000, 0x0000019107ad0000]
 total_blobs=10524 nmethods=9817 adapters=614
 compilation: enabled
              stopped_count=0, restarted_count=0
 full_count=0

Compilation events (20 events):
Event: 108.596 Thread 0x00000191150c22a0 nmethod 14277 0x0000019100c39010 code [0x0000019100c39240, 0x0000019100c39a88]
Event: 108.596 Thread 0x00000191150c22a0 14278   !   3       jdk.internal.reflect.GeneratedMethodAccessor26::invoke (82 bytes)
Event: 108.597 Thread 0x00000191150c22a0 nmethod 14278 0x00000191013c9110 code [0x00000191013c9340, 0x00000191013c9cf8]
Event: 108.598 Thread 0x0000019117ac7780 nmethod 14265 0x0000019108586690 code [0x0000019108586860, 0x0000019108586a90]
Event: 108.598 Thread 0x0000019117ac7780 14279       4       org.eclipse.jdt.internal.compiler.lookup.ParameterizedTypeBinding::substituteInferenceVariable (174 bytes)
Event: 108.601 Thread 0x00000191150c1530 nmethod 14238 0x00000191082df590 code [0x00000191082df800, 0x00000191082e1160]
Event: 108.601 Thread 0x00000191150c1530 14256   !   4       org.eclipse.jdt.internal.compiler.ast.FieldDeclaration::resolve (1019 bytes)
Event: 108.604 Thread 0x0000019117ac7780 nmethod 14279 0x00000191087f9110 code [0x00000191087f92c0, 0x00000191087f9788]
Event: 108.604 Thread 0x0000019117ac7780 14264       4       org.eclipse.jdt.internal.compiler.lookup.ConstraintTypeFormula::reduceTypeEquality (637 bytes)
Event: 108.624 Thread 0x0000019117ac7780 nmethod 14264 0x0000019108030d10 code [0x0000019108030fe0, 0x0000019108032060]
Event: 108.624 Thread 0x0000019117ac7780 14253       4       org.eclipse.jdt.internal.compiler.lookup.MethodBinding::canBeSeenBy (157 bytes)
Event: 108.629 Thread 0x0000019117ac7780 nmethod 14253 0x0000019107e83e10 code [0x0000019107e84000, 0x0000019107e84428]
Event: 108.629 Thread 0x0000019117ac7780 14246       4       org.eclipse.jdt.internal.compiler.lookup.TypeVariableBinding::<init> (66 bytes)
Event: 108.632 Thread 0x0000019117ac7780 nmethod 14246 0x000001910873b090 code [0x000001910873b220, 0x000001910873b6b8]
Event: 108.632 Thread 0x0000019117ac7780 14240       4       org.eclipse.jdt.internal.compiler.lookup.BoundSet::combineEqualSupers (100 bytes)
Event: 108.634 Thread 0x0000019117ac7780 nmethod 14240 0x000001910873a990 code [0x000001910873ab20, 0x000001910873ae58]
Event: 108.634 Thread 0x0000019117ac7780 14263       4       java.util.stream.ReferencePipeline::collect (124 bytes)
Event: 108.638 Thread 0x0000019117ac7780 nmethod 14263 0x000001910865de10 code [0x000001910865dfe0, 0x000001910865e408]
Event: 108.638 Thread 0x0000019117ac7780 14255       4       org.eclipse.jdt.internal.compiler.ast.TypeReference::resolveTypeArgument (9 bytes)
Event: 108.638 Thread 0x0000019117ac7780 nmethod 14255 0x0000019107e34810 code [0x0000019107e34980, 0x0000019107e34a18]

GC Heap History (20 events):
Event: 106.221 GC heap before
{Heap before GC invocations=1042 (full 26):
 PSYoungGen      total 14336K, used 14333K [0x00000000eab00000, 0x00000000ec400000, 0x0000000100000000)
  eden space 6144K, 99% used [0x00000000eab00000,0x00000000eb0ffee8,0x00000000eb100000)
  from space 8192K, 99% used [0x00000000eb200000,0x00000000eb9ff6a8,0x00000000eba00000)
  to   space 9728K, 0% used [0x00000000eba80000,0x00000000eba80000,0x00000000ec400000)
 ParOldGen       total 421376K, used 408228K [0x00000000c0000000, 0x00000000d9b80000, 0x00000000eab00000)
  object space 421376K, 96% used [0x00000000c0000000,0x00000000d8ea9290,0x00000000d9b80000)
 Metaspace       used 57308K, committed 58176K, reserved 1114112K
  class space    used 5301K, committed 5696K, reserved 1048576K
}
Event: 106.225 GC heap after
{Heap after GC invocations=1042 (full 26):
 PSYoungGen      total 14336K, used 7804K [0x00000000eab00000, 0x00000000ec280000, 0x0000000100000000)
  eden space 6144K, 0% used [0x00000000eab00000,0x00000000eab00000,0x00000000eb100000)
  from space 8192K, 95% used [0x00000000eba80000,0x00000000ec21f2a0,0x00000000ec280000)
  to   space 8704K, 0% used [0x00000000eb180000,0x00000000eb180000,0x00000000eba00000)
 ParOldGen       total 421376K, used 410535K [0x00000000c0000000, 0x00000000d9b80000, 0x00000000eab00000)
  object space 421376K, 97% used [0x00000000c0000000,0x00000000d90e9d78,0x00000000d9b80000)
 Metaspace       used 57308K, committed 58176K, reserved 1114112K
  class space    used 5301K, committed 5696K, reserved 1048576K
}
Event: 106.484 GC heap before
{Heap before GC invocations=1043 (full 26):
 PSYoungGen      total 14336K, used 13948K [0x00000000eab00000, 0x00000000ec280000, 0x0000000100000000)
  eden space 6144K, 100% used [0x00000000eab00000,0x00000000eb100000,0x00000000eb100000)
  from space 8192K, 95% used [0x00000000eba80000,0x00000000ec21f2a0,0x00000000ec280000)
  to   space 8704K, 0% used [0x00000000eb180000,0x00000000eb180000,0x00000000eba00000)
 ParOldGen       total 421376K, used 410535K [0x00000000c0000000, 0x00000000d9b80000, 0x00000000eab00000)
  object space 421376K, 97% used [0x00000000c0000000,0x00000000d90e9d78,0x00000000d9b80000)
 Metaspace       used 57308K, committed 58176K, reserved 1114112K
  class space    used 5301K, committed 5696K, reserved 1048576K
}
Event: 106.487 GC heap after
{Heap after GC invocations=1043 (full 26):
 PSYoungGen      total 14848K, used 8702K [0x00000000eab00000, 0x00000000ec300000, 0x0000000100000000)
  eden space 6144K, 0% used [0x00000000eab00000,0x00000000eab00000,0x00000000eb100000)
  from space 8704K, 99% used [0x00000000eb180000,0x00000000eb9ffa80,0x00000000eba00000)
  to   space 9216K, 0% used [0x00000000eba00000,0x00000000eba00000,0x00000000ec300000)
 ParOldGen       total 421376K, used 410815K [0x00000000c0000000, 0x00000000d9b80000, 0x00000000eab00000)
  object space 421376K, 97% used [0x00000000c0000000,0x00000000d912fda8,0x00000000d9b80000)
 Metaspace       used 57308K, committed 58176K, reserved 1114112K
  class space    used 5301K, committed 5696K, reserved 1048576K
}
Event: 106.969 GC heap before
{Heap before GC invocations=1044 (full 26):
 PSYoungGen      total 14848K, used 14846K [0x00000000eab00000, 0x00000000ec300000, 0x0000000100000000)
  eden space 6144K, 100% used [0x00000000eab00000,0x00000000eb100000,0x00000000eb100000)
  from space 8704K, 99% used [0x00000000eb180000,0x00000000eb9ffa80,0x00000000eba00000)
  to   space 9216K, 0% used [0x00000000eba00000,0x00000000eba00000,0x00000000ec300000)
 ParOldGen       total 421376K, used 410815K [0x00000000c0000000, 0x00000000d9b80000, 0x00000000eab00000)
  object space 421376K, 97% used [0x00000000c0000000,0x00000000d912fda8,0x00000000d9b80000)
 Metaspace       used 57308K, committed 58176K, reserved 1114112K
  class space    used 5301K, committed 5696K, reserved 1048576K
}
Event: 106.973 GC heap after
{Heap after GC invocations=1044 (full 26):
 PSYoungGen      total 12800K, used 6629K [0x00000000eab00000, 0x00000000ec080000, 0x0000000100000000)
  eden space 6144K, 0% used [0x00000000eab00000,0x00000000eab00000,0x00000000eb100000)
  from space 6656K, 99% used [0x00000000eba00000,0x00000000ec079750,0x00000000ec080000)
  to   space 7680K, 0% used [0x00000000eb180000,0x00000000eb180000,0x00000000eb900000)
 ParOldGen       total 421376K, used 413841K [0x00000000c0000000, 0x00000000d9b80000, 0x00000000eab00000)
  object space 421376K, 98% used [0x00000000c0000000,0x00000000d9424500,0x00000000d9b80000)
 Metaspace       used 57308K, committed 58176K, reserved 1114112K
  class space    used 5301K, committed 5696K, reserved 1048576K
}
Event: 107.367 GC heap before
{Heap before GC invocations=1045 (full 26):
 PSYoungGen      total 12800K, used 12773K [0x00000000eab00000, 0x00000000ec080000, 0x0000000100000000)
  eden space 6144K, 100% used [0x00000000eab00000,0x00000000eb100000,0x00000000eb100000)
  from space 6656K, 99% used [0x00000000eba00000,0x00000000ec079750,0x00000000ec080000)
  to   space 7680K, 0% used [0x00000000eb180000,0x00000000eb180000,0x00000000eb900000)
 ParOldGen       total 421376K, used 413841K [0x00000000c0000000, 0x00000000d9b80000, 0x00000000eab00000)
  object space 421376K, 98% used [0x00000000c0000000,0x00000000d9424500,0x00000000d9b80000)
 Metaspace       used 57308K, committed 58176K, reserved 1114112K
  class space    used 5301K, committed 5696K, reserved 1048576K
}
Event: 107.370 GC heap after
{Heap after GC invocations=1045 (full 26):
 PSYoungGen      total 13824K, used 7667K [0x00000000eab00000, 0x00000000ec100000, 0x0000000100000000)
  eden space 6144K, 0% used [0x00000000eab00000,0x00000000eab00000,0x00000000eb100000)
  from space 7680K, 99% used [0x00000000eb180000,0x00000000eb8fcd50,0x00000000eb900000)
  to   space 8192K, 0% used [0x00000000eb900000,0x00000000eb900000,0x00000000ec100000)
 ParOldGen       total 421376K, used 413872K [0x00000000c0000000, 0x00000000d9b80000, 0x00000000eab00000)
  object space 421376K, 98% used [0x00000000c0000000,0x00000000d942c0e8,0x00000000d9b80000)
 Metaspace       used 57308K, committed 58176K, reserved 1114112K
  class space    used 5301K, committed 5696K, reserved 1048576K
}
Event: 107.606 GC heap before
{Heap before GC invocations=1046 (full 26):
 PSYoungGen      total 13824K, used 13811K [0x00000000eab00000, 0x00000000ec100000, 0x0000000100000000)
  eden space 6144K, 100% used [0x00000000eab00000,0x00000000eb100000,0x00000000eb100000)
  from space 7680K, 99% used [0x00000000eb180000,0x00000000eb8fcd50,0x00000000eb900000)
  to   space 8192K, 0% used [0x00000000eb900000,0x00000000eb900000,0x00000000ec100000)
 ParOldGen       total 421376K, used 413872K [0x00000000c0000000, 0x00000000d9b80000, 0x00000000eab00000)
  object space 421376K, 98% used [0x00000000c0000000,0x00000000d942c0e8,0x00000000d9b80000)
 Metaspace       used 57308K, committed 58176K, reserved 1114112K
  class space    used 5301K, committed 5696K, reserved 1048576K
}
Event: 107.610 GC heap after
{Heap after GC invocations=1046 (full 26):
 PSYoungGen      total 12800K, used 6389K [0x00000000eab00000, 0x00000000ebf80000, 0x0000000100000000)
  eden space 6144K, 0% used [0x00000000eab00000,0x00000000eab00000,0x00000000eb100000)
  from space 6656K, 96% used [0x00000000eb900000,0x00000000ebf3d7a8,0x00000000ebf80000)
  to   space 7168K, 0% used [0x00000000eb180000,0x00000000eb180000,0x00000000eb880000)
 ParOldGen       total 421376K, used 416789K [0x00000000c0000000, 0x00000000d9b80000, 0x00000000eab00000)
  object space 421376K, 98% used [0x00000000c0000000,0x00000000d9705518,0x00000000d9b80000)
 Metaspace       used 57308K, committed 58176K, reserved 1114112K
  class space    used 5301K, committed 5696K, reserved 1048576K
}
Event: 107.915 GC heap before
{Heap before GC invocations=1047 (full 26):
 PSYoungGen      total 12800K, used 12533K [0x00000000eab00000, 0x00000000ebf80000, 0x0000000100000000)
  eden space 6144K, 100% used [0x00000000eab00000,0x00000000eb100000,0x00000000eb100000)
  from space 6656K, 96% used [0x00000000eb900000,0x00000000ebf3d7a8,0x00000000ebf80000)
  to   space 7168K, 0% used [0x00000000eb180000,0x00000000eb180000,0x00000000eb880000)
 ParOldGen       total 421376K, used 416789K [0x00000000c0000000, 0x00000000d9b80000, 0x00000000eab00000)
  object space 421376K, 98% used [0x00000000c0000000,0x00000000d9705518,0x00000000d9b80000)
 Metaspace       used 57312K, committed 58176K, reserved 1114112K
  class space    used 5302K, committed 5696K, reserved 1048576K
}
Event: 107.922 GC heap after
{Heap after GC invocations=1047 (full 26):
 PSYoungGen      total 13312K, used 7149K [0x00000000eab00000, 0x00000000ec000000, 0x0000000100000000)
  eden space 6144K, 0% used [0x00000000eab00000,0x00000000eab00000,0x00000000eb100000)
  from space 7168K, 99% used [0x00000000eb180000,0x00000000eb87b4d8,0x00000000eb880000)
  to   space 7680K, 0% used [0x00000000eb880000,0x00000000eb880000,0x00000000ec000000)
 ParOldGen       total 421376K, used 416997K [0x00000000c0000000, 0x00000000d9b80000, 0x00000000eab00000)
  object space 421376K, 98% used [0x00000000c0000000,0x00000000d9739568,0x00000000d9b80000)
 Metaspace       used 57312K, committed 58176K, reserved 1114112K
  class space    used 5302K, committed 5696K, reserved 1048576K
}
Event: 108.166 GC heap before
{Heap before GC invocations=1048 (full 26):
 PSYoungGen      total 13312K, used 13293K [0x00000000eab00000, 0x00000000ec000000, 0x0000000100000000)
  eden space 6144K, 100% used [0x00000000eab00000,0x00000000eb100000,0x00000000eb100000)
  from space 7168K, 99% used [0x00000000eb180000,0x00000000eb87b4d8,0x00000000eb880000)
  to   space 7680K, 0% used [0x00000000eb880000,0x00000000eb880000,0x00000000ec000000)
 ParOldGen       total 421376K, used 416997K [0x00000000c0000000, 0x00000000d9b80000, 0x00000000eab00000)
  object space 421376K, 98% used [0x00000000c0000000,0x00000000d9739568,0x00000000d9b80000)
 Metaspace       used 57312K, committed 58176K, reserved 1114112K
  class space    used 5302K, committed 5696K, reserved 1048576K
}
Event: 108.170 GC heap after
{Heap after GC invocations=1048 (full 26):
 PSYoungGen      total 12288K, used 5758K [0x00000000eab00000, 0x00000000ebe80000, 0x0000000100000000)
  eden space 6144K, 0% used [0x00000000eab00000,0x00000000eab00000,0x00000000eb100000)
  from space 6144K, 93% used [0x00000000eb880000,0x00000000ebe1fb78,0x00000000ebe80000)
  to   space 6656K, 0% used [0x00000000eb180000,0x00000000eb180000,0x00000000eb800000)
 ParOldGen       total 421376K, used 419858K [0x00000000c0000000, 0x00000000d9b80000, 0x00000000eab00000)
  object space 421376K, 99% used [0x00000000c0000000,0x00000000d9a04bd0,0x00000000d9b80000)
 Metaspace       used 57312K, committed 58176K, reserved 1114112K
  class space    used 5302K, committed 5696K, reserved 1048576K
}
Event: 108.170 GC heap before
{Heap before GC invocations=1049 (full 27):
 PSYoungGen      total 12288K, used 5758K [0x00000000eab00000, 0x00000000ebe80000, 0x0000000100000000)
  eden space 6144K, 0% used [0x00000000eab00000,0x00000000eab00000,0x00000000eb100000)
  from space 6144K, 93% used [0x00000000eb880000,0x00000000ebe1fb78,0x00000000ebe80000)
  to   space 6656K, 0% used [0x00000000eb180000,0x00000000eb180000,0x00000000eb800000)
 ParOldGen       total 421376K, used 419858K [0x00000000c0000000, 0x00000000d9b80000, 0x00000000eab00000)
  object space 421376K, 99% used [0x00000000c0000000,0x00000000d9a04bd0,0x00000000d9b80000)
 Metaspace       used 57312K, committed 58176K, reserved 1114112K
  class space    used 5302K, committed 5696K, reserved 1048576K
}
Event: 108.454 GC heap after
{Heap after GC invocations=1049 (full 27):
 PSYoungGen      total 6656K, used 0K [0x00000000eab00000, 0x00000000ebe00000, 0x0000000100000000)
  eden space 6144K, 0% used [0x00000000eab00000,0x00000000eab00000,0x00000000eb100000)
  from space 512K, 0% used [0x00000000eb180000,0x00000000eb180000,0x00000000eb200000)
  to   space 6656K, 0% used [0x00000000eb780000,0x00000000eb780000,0x00000000ebe00000)
 ParOldGen       total 441344K, used 391335K [0x00000000c0000000, 0x00000000daf00000, 0x00000000eab00000)
  object space 441344K, 88% used [0x00000000c0000000,0x00000000d7e29d10,0x00000000daf00000)
 Metaspace       used 57312K, committed 58176K, reserved 1114112K
  class space    used 5302K, committed 5696K, reserved 1048576K
}
Event: 108.543 GC heap before
{Heap before GC invocations=1050 (full 27):
 PSYoungGen      total 6656K, used 6144K [0x00000000eab00000, 0x00000000ebe00000, 0x0000000100000000)
  eden space 6144K, 100% used [0x00000000eab00000,0x00000000eb100000,0x00000000eb100000)
  from space 512K, 0% used [0x00000000eb180000,0x00000000eb180000,0x00000000eb200000)
  to   space 6656K, 0% used [0x00000000eb780000,0x00000000eb780000,0x00000000ebe00000)
 ParOldGen       total 441344K, used 391335K [0x00000000c0000000, 0x00000000daf00000, 0x00000000eab00000)
  object space 441344K, 88% used [0x00000000c0000000,0x00000000d7e29d10,0x00000000daf00000)
 Metaspace       used 57316K, committed 58176K, reserved 1114112K
  class space    used 5302K, committed 5696K, reserved 1048576K
}
Event: 108.545 GC heap after
{Heap after GC invocations=1050 (full 27):
 PSYoungGen      total 8192K, used 1677K [0x00000000eab00000, 0x00000000eb980000, 0x0000000100000000)
  eden space 6144K, 0% used [0x00000000eab00000,0x00000000eab00000,0x00000000eb100000)
  from space 2048K, 81% used [0x00000000eb780000,0x00000000eb923578,0x00000000eb980000)
  to   space 3584K, 0% used [0x00000000eb280000,0x00000000eb280000,0x00000000eb600000)
 ParOldGen       total 441344K, used 391335K [0x00000000c0000000, 0x00000000daf00000, 0x00000000eab00000)
  object space 441344K, 88% used [0x00000000c0000000,0x00000000d7e29d10,0x00000000daf00000)
 Metaspace       used 57316K, committed 58176K, reserved 1114112K
  class space    used 5302K, committed 5696K, reserved 1048576K
}
Event: 108.576 GC heap before
{Heap before GC invocations=1051 (full 27):
 PSYoungGen      total 8192K, used 7821K [0x00000000eab00000, 0x00000000eb980000, 0x0000000100000000)
  eden space 6144K, 100% used [0x00000000eab00000,0x00000000eb100000,0x00000000eb100000)
  from space 2048K, 81% used [0x00000000eb780000,0x00000000eb923578,0x00000000eb980000)
  to   space 3584K, 0% used [0x00000000eb280000,0x00000000eb280000,0x00000000eb600000)
 ParOldGen       total 441344K, used 391335K [0x00000000c0000000, 0x00000000daf00000, 0x00000000eab00000)
  object space 441344K, 88% used [0x00000000c0000000,0x00000000d7e29d10,0x00000000daf00000)
 Metaspace       used 57323K, committed 58176K, reserved 1114112K
  class space    used 5302K, committed 5696K, reserved 1048576K
}
Event: 108.578 GC heap after
{Heap after GC invocations=1051 (full 27):
 PSYoungGen      total 9216K, used 2957K [0x00000000eab00000, 0x00000000eb800000, 0x0000000100000000)
  eden space 6144K, 0% used [0x00000000eab00000,0x00000000eab00000,0x00000000eb100000)
  from space 3072K, 96% used [0x00000000eb280000,0x00000000eb563578,0x00000000eb580000)
  to   space 2560K, 0% used [0x00000000eb580000,0x00000000eb580000,0x00000000eb800000)
 ParOldGen       total 441344K, used 391335K [0x00000000c0000000, 0x00000000daf00000, 0x00000000eab00000)
  object space 441344K, 88% used [0x00000000c0000000,0x00000000d7e29d10,0x00000000daf00000)
 Metaspace       used 57323K, committed 58176K, reserved 1114112K
  class space    used 5302K, committed 5696K, reserved 1048576K
}

Dll operation events (10 events):
Event: 0.039 Loaded shared library c:\Users\sockm\.vscode\extensions\redhat.java-1.32.0-win32-x64\jre\17.0.11-win32-x86_64\bin\java.dll
Event: 0.974 Loaded shared library c:\Users\sockm\.vscode\extensions\redhat.java-1.32.0-win32-x64\jre\17.0.11-win32-x86_64\bin\zip.dll
Event: 0.987 Loaded shared library C:\Users\sockm\.vscode\extensions\redhat.java-1.32.0-win32-x64\jre\17.0.11-win32-x86_64\bin\instrument.dll
Event: 1.036 Loaded shared library C:\Users\sockm\.vscode\extensions\redhat.java-1.32.0-win32-x64\jre\17.0.11-win32-x86_64\bin\net.dll
Event: 1.044 Loaded shared library C:\Users\sockm\.vscode\extensions\redhat.java-1.32.0-win32-x64\jre\17.0.11-win32-x86_64\bin\nio.dll
Event: 1.053 Loaded shared library C:\Users\sockm\.vscode\extensions\redhat.java-1.32.0-win32-x64\jre\17.0.11-win32-x86_64\bin\zip.dll
Event: 1.091 Loaded shared library C:\Users\sockm\.vscode\extensions\redhat.java-1.32.0-win32-x64\jre\17.0.11-win32-x86_64\bin\jimage.dll
Event: 1.189 Loaded shared library c:\Users\sockm\.vscode\extensions\redhat.java-1.32.0-win32-x64\jre\17.0.11-win32-x86_64\bin\verify.dll
Event: 2.785 Loaded shared library C:\Users\sockm\AppData\Roaming\Code\User\globalStorage\redhat.java\1.32.0\config_ss_win\org.eclipse.equinox.launcher\org.eclipse.equinox.launcher.win32.win32.x86_64_1.2.1100.v20240613-2013\eclipse_11903.dll
Event: 9.150 Loaded shared library C:\Users\sockm\AppData\Local\Temp\jna-109610281\jna2911390259328910380.dll

Deoptimization events (20 events):
Event: 107.956 Thread 0x0000019117d484e0 Uncommon trap: trap_request=0xffffff45 fr.pc=0x00000191081b4054 relative=0x0000000000004354
Event: 107.956 Thread 0x0000019117d484e0 Uncommon trap: reason=unstable_if action=reinterpret pc=0x00000191081b4054 method=org.eclipse.jdt.internal.compiler.lookup.Scope.findMemberType([CLorg/eclipse/jdt/internal/compiler/lookup/ReferenceBinding;)Lorg/eclipse/jdt/internal/compiler/lookup/Referen
Event: 107.956 Thread 0x0000019117d484e0 DEOPT PACKING pc=0x00000191081b4054 sp=0x00000075929fddd0
Event: 107.956 Thread 0x0000019117d484e0 DEOPT UNPACKING pc=0x00000191075866a3 sp=0x00000075929fdda8 mode 2
Event: 108.158 Thread 0x0000019117d484e0 Uncommon trap: trap_request=0xffffffbe fr.pc=0x00000191087eae30 relative=0x0000000000001c90
Event: 108.158 Thread 0x0000019117d484e0 Uncommon trap: reason=profile_predicate action=maybe_recompile pc=0x00000191087eae30 method=org.eclipse.jdt.internal.compiler.ast.ParameterizedSingleTypeReference.internalResolveLeafType(Lorg/eclipse/jdt/internal/compiler/lookup/Scope;Lorg/eclipse/jdt/int
Event: 108.158 Thread 0x0000019117d484e0 DEOPT PACKING pc=0x00000191087eae30 sp=0x00000075929f20a0
Event: 108.158 Thread 0x0000019117d484e0 DEOPT UNPACKING pc=0x00000191075866a3 sp=0x00000075929f2060 mode 2
Event: 108.529 Thread 0x0000019117d484e0 Uncommon trap: trap_request=0xffffff45 fr.pc=0x000001910811c648 relative=0x0000000000000128
Event: 108.529 Thread 0x0000019117d484e0 Uncommon trap: reason=unstable_if action=reinterpret pc=0x000001910811c648 method=org.eclipse.jdt.internal.compiler.lookup.ReferenceBinding.isSubTypeOfRTL(Lorg/eclipse/jdt/internal/compiler/lookup/TypeBinding;)Z @ 14 c2
Event: 108.529 Thread 0x0000019117d484e0 DEOPT PACKING pc=0x000001910811c648 sp=0x00000075929f2bb0
Event: 108.529 Thread 0x0000019117d484e0 DEOPT UNPACKING pc=0x00000191075866a3 sp=0x00000075929f2b38 mode 2
Event: 108.580 Thread 0x0000019117d484e0 Uncommon trap: trap_request=0xffffffde fr.pc=0x0000019108407094 relative=0x00000000000015f4
Event: 108.580 Thread 0x0000019117d484e0 Uncommon trap: reason=class_check action=maybe_recompile pc=0x0000019108407094 method=org.eclipse.jdt.internal.compiler.ast.FieldReference.resolveType(Lorg/eclipse/jdt/internal/compiler/lookup/BlockScope;)Lorg/eclipse/jdt/internal/compiler/lookup/TypeBind
Event: 108.580 Thread 0x0000019117d484e0 DEOPT PACKING pc=0x0000019108407094 sp=0x00000075929fe770
Event: 108.580 Thread 0x0000019117d484e0 DEOPT UNPACKING pc=0x00000191075866a3 sp=0x00000075929fe720 mode 2
Event: 108.580 Thread 0x0000019117d484e0 Uncommon trap: trap_request=0xffffff45 fr.pc=0x00000191082abb90 relative=0x0000000000000270
Event: 108.580 Thread 0x0000019117d484e0 Uncommon trap: reason=unstable_if action=reinterpret pc=0x00000191082abb90 method=org.eclipse.jdt.internal.compiler.lookup.TypeVariableBinding.mentionsAny([Lorg/eclipse/jdt/internal/compiler/lookup/TypeBinding;I)Z @ 108 c2
Event: 108.580 Thread 0x0000019117d484e0 DEOPT PACKING pc=0x00000191082abb90 sp=0x00000075929fdf40
Event: 108.580 Thread 0x0000019117d484e0 DEOPT UNPACKING pc=0x00000191075866a3 sp=0x00000075929fdec8 mode 2

Classes unloaded (13 events):
Event: 4.857 Thread 0x0000019115082860 Unloading class 0x0000000100219400 'java/lang/invoke/LambdaForm$MH+0x0000000100219400'
Event: 4.857 Thread 0x0000019115082860 Unloading class 0x0000000100219000 'java/lang/invoke/LambdaForm$MH+0x0000000100219000'
Event: 4.857 Thread 0x0000019115082860 Unloading class 0x0000000100218c00 'java/lang/invoke/LambdaForm$MH+0x0000000100218c00'
Event: 4.857 Thread 0x0000019115082860 Unloading class 0x0000000100218800 'java/lang/invoke/LambdaForm$MH+0x0000000100218800'
Event: 4.857 Thread 0x0000019115082860 Unloading class 0x0000000100218400 'java/lang/invoke/LambdaForm$BMH+0x0000000100218400'
Event: 4.857 Thread 0x0000019115082860 Unloading class 0x0000000100218000 'java/lang/invoke/LambdaForm$DMH+0x0000000100218000'
Event: 4.857 Thread 0x0000019115082860 Unloading class 0x0000000100214400 'java/lang/invoke/LambdaForm$DMH+0x0000000100214400'
Event: 22.583 Thread 0x0000019115082860 Unloading class 0x00000001003d5800 'java/lang/invoke/LambdaForm$DMH+0x00000001003d5800'
Event: 22.583 Thread 0x0000019115082860 Unloading class 0x00000001003d5400 'java/lang/invoke/LambdaForm$DMH+0x00000001003d5400'
Event: 22.583 Thread 0x0000019115082860 Unloading class 0x00000001003d4c00 'java/lang/invoke/LambdaForm$DMH+0x00000001003d4c00'
Event: 22.583 Thread 0x0000019115082860 Unloading class 0x00000001003d5000 'java/lang/invoke/LambdaForm$DMH+0x00000001003d5000'
Event: 22.583 Thread 0x0000019115082860 Unloading class 0x00000001003d4800 'java/lang/invoke/LambdaForm$DMH+0x00000001003d4800'
Event: 22.583 Thread 0x0000019115082860 Unloading class 0x00000001003d4400 'java/lang/invoke/LambdaForm$DMH+0x00000001003d4400'

Classes redefined (0 events):
No events

Internal exceptions (20 events):
Event: 108.029 Thread 0x00000191170e7880 Exception <a 'sun/nio/fs/WindowsException'{0x00000000eae2f248}> (0x00000000eae2f248) 
thrown [s\src\hotspot\share\prims\jni.cpp, line 516]
Event: 108.038 Thread 0x00000191170e7880 Exception <a 'sun/nio/fs/WindowsException'{0x00000000eaec74d8}> (0x00000000eaec74d8) 
thrown [s\src\hotspot\share\prims\jni.cpp, line 516]
Event: 108.055 Thread 0x00000191170e7880 Exception <a 'sun/nio/fs/WindowsException'{0x00000000eaeeb930}> (0x00000000eaeeb930) 
thrown [s\src\hotspot\share\prims\jni.cpp, line 516]
Event: 108.068 Thread 0x00000191170e7880 Exception <a 'sun/nio/fs/WindowsException'{0x00000000eaf32800}> (0x00000000eaf32800) 
thrown [s\src\hotspot\share\prims\jni.cpp, line 516]
Event: 108.101 Thread 0x00000191170e7880 Exception <a 'sun/nio/fs/WindowsException'{0x00000000eaf595d8}> (0x00000000eaf595d8) 
thrown [s\src\hotspot\share\prims\jni.cpp, line 516]
Event: 108.114 Thread 0x00000191170e7880 Exception <a 'sun/nio/fs/WindowsException'{0x00000000eafc38e8}> (0x00000000eafc38e8) 
thrown [s\src\hotspot\share\prims\jni.cpp, line 516]
Event: 108.125 Thread 0x00000191170e7880 Exception <a 'sun/nio/fs/WindowsException'{0x00000000eafee038}> (0x00000000eafee038) 
thrown [s\src\hotspot\share\prims\jni.cpp, line 516]
Event: 108.166 Thread 0x00000191170e7880 Exception <a 'sun/nio/fs/WindowsException'{0x00000000eb0d3680}> (0x00000000eb0d3680) 
thrown [s\src\hotspot\share\prims\jni.cpp, line 516]
Event: 108.460 Thread 0x00000191170e7880 Exception <a 'sun/nio/fs/WindowsException'{0x00000000eabd2508}> (0x00000000eabd2508) 
thrown [s\src\hotspot\share\prims\jni.cpp, line 516]
Event: 108.494 Thread 0x00000191170e7880 Exception <a 'sun/nio/fs/WindowsException'{0x00000000eac74cb8}> (0x00000000eac74cb8) 
thrown [s\src\hotspot\share\prims\jni.cpp, line 516]
Event: 108.498 Thread 0x00000191170e7880 Exception <a 'sun/nio/fs/WindowsException'{0x00000000eac9f140}> (0x00000000eac9f140) 
thrown [s\src\hotspot\share\prims\jni.cpp, line 516]
Event: 108.514 Thread 0x00000191170e7880 Exception <a 'sun/nio/fs/WindowsException'{0x00000000eacc3708}> (0x00000000eacc3708) 
thrown [s\src\hotspot\share\prims\jni.cpp, line 516]
Event: 108.537 Thread 0x00000191170e7880 Exception <a 'sun/nio/fs/WindowsException'{0x00000000eaff7838}> (0x00000000eaff7838) 
thrown [s\src\hotspot\share\prims\jni.cpp, line 516]
Event: 108.554 Thread 0x00000191170e7880 Exception <a 'sun/nio/fs/WindowsException'{0x00000000eacd4de0}> (0x00000000eacd4de0) 
thrown [s\src\hotspot\share\prims\jni.cpp, line 516]
Event: 108.563 Thread 0x00000191170e7880 Exception <a 'sun/nio/fs/WindowsException'{0x00000000eae17610}> (0x00000000eae17610) 
thrown [s\src\hotspot\share\prims\jni.cpp, line 516]
Event: 108.570 Thread 0x00000191170e7880 Exception <a 'sun/nio/fs/WindowsException'{0x00000000eaf642a0}> (0x00000000eaf642a0) 
thrown [s\src\hotspot\share\prims\jni.cpp, line 516]
Event: 108.579 Thread 0x0000019117d484e0 Implicit null exception at 0x0000019100b03aac to 0x0000019100b074e3
Event: 108.579 Thread 0x0000019117d484e0 Exception <a 'java/lang/NullPointerException'{0x00000000eab0ded8}> (0x00000000eab0ded8) 
thrown [s\src\hotspot\share\runtime\sharedRuntime.cpp, line 631]
Event: 108.582 Thread 0x00000191170e7880 Exception <a 'sun/nio/fs/WindowsException'{0x00000000eab7cca0}> (0x00000000eab7cca0) 
thrown [s\src\hotspot\share\prims\jni.cpp, line 516]
Event: 108.591 Thread 0x00000191170e7880 Exception <a 'sun/nio/fs/WindowsException'{0x00000000eacd4bf8}> (0x00000000eacd4bf8) 
thrown [s\src\hotspot\share\prims\jni.cpp, line 516]

VM Operations (20 events):
Event: 106.484 Executing VM operation: ParallelGCFailedAllocation
Event: 106.487 Executing VM operation: ParallelGCFailedAllocation done
Event: 106.969 Executing VM operation: ParallelGCFailedAllocation
Event: 106.973 Executing VM operation: ParallelGCFailedAllocation done
Event: 107.007 Executing VM operation: HandshakeAllThreads
Event: 107.007 Executing VM operation: HandshakeAllThreads done
Event: 107.367 Executing VM operation: ParallelGCFailedAllocation
Event: 107.370 Executing VM operation: ParallelGCFailedAllocation done
Event: 107.606 Executing VM operation: ParallelGCFailedAllocation
Event: 107.610 Executing VM operation: ParallelGCFailedAllocation done
Event: 107.915 Executing VM operation: ParallelGCFailedAllocation
Event: 107.922 Executing VM operation: ParallelGCFailedAllocation done
Event: 108.158 Executing VM operation: HandshakeAllThreads
Event: 108.158 Executing VM operation: HandshakeAllThreads done
Event: 108.166 Executing VM operation: ParallelGCFailedAllocation
Event: 108.454 Executing VM operation: ParallelGCFailedAllocation done
Event: 108.543 Executing VM operation: ParallelGCFailedAllocation
Event: 108.545 Executing VM operation: ParallelGCFailedAllocation done
Event: 108.576 Executing VM operation: ParallelGCFailedAllocation
Event: 108.578 Executing VM operation: ParallelGCFailedAllocation done

Events (20 events):
Event: 108.463 Thread 0x00000191150c2f60 flushing nmethod 0x0000019101115710
Event: 108.463 Thread 0x00000191150c2f60 flushing nmethod 0x000001910111d790
Event: 108.463 Thread 0x00000191150c2f60 flushing nmethod 0x0000019101122f90
Event: 108.463 Thread 0x00000191150c2f60 flushing nmethod 0x0000019101161f90
Event: 108.463 Thread 0x00000191150c2f60 flushing nmethod 0x0000019101172810
Event: 108.463 Thread 0x00000191150c2f60 flushing nmethod 0x00000191011b5b10
Event: 108.463 Thread 0x00000191150c2f60 flushing nmethod 0x0000019101224490
Event: 108.463 Thread 0x00000191150c2f60 flushing nmethod 0x000001910123fe90
Event: 108.463 Thread 0x00000191150c2f60 flushing nmethod 0x0000019101255a10
Event: 108.464 Thread 0x00000191150c2f60 flushing nmethod 0x000001910135a990
Event: 108.464 Thread 0x00000191150c2f60 flushing nmethod 0x0000019101373490
Event: 108.464 Thread 0x00000191150c2f60 flushing nmethod 0x0000019101401990
Event: 108.464 Thread 0x00000191150c2f60 flushing nmethod 0x0000019101409d90
Event: 108.464 Thread 0x00000191150c2f60 flushing nmethod 0x00000191014a5610
Event: 108.464 Thread 0x00000191150c2f60 flushing nmethod 0x00000191014a7a10
Event: 108.465 Thread 0x00000191150c2f60 flushing nmethod 0x0000019101503d90
Event: 108.465 Thread 0x00000191150c2f60 flushing nmethod 0x000001910151f590
Event: 108.465 Thread 0x00000191150c2f60 flushing nmethod 0x000001910156e090
Event: 108.465 Thread 0x00000191150c2f60 flushing nmethod 0x00000191015b2990
Event: 108.549 Thread 0x0000019117ac7780 Thread added: 0x0000019117ac7780


Dynamic libraries:
0x00007ff665f50000 - 0x00007ff665f5e000 	c:\Users\sockm\.vscode\extensions\redhat.java-1.32.0-win32-x64\jre\17.0.11-win32-x86_64\bin\java.exe
0x00007ff9409b0000 - 0x00007ff940bc7000 	C:\WINDOWS\SYSTEM32\ntdll.dll
0x00007ff940000000 - 0x00007ff9400c4000 	C:\WINDOWS\System32\KERNEL32.DLL
0x00007ff93dfe0000 - 0x00007ff93e38d000 	C:\WINDOWS\System32\KERNELBASE.dll
0x00007ff8a1840000 - 0x00007ff8a185b000 	c:\Users\sockm\.vscode\extensions\redhat.java-1.32.0-win32-x64\jre\17.0.11-win32-x86_64\bin\VCRUNTIME140.dll
0x00007ff8b3ea0000 - 0x00007ff8b3eb7000 	c:\Users\sockm\.vscode\extensions\redhat.java-1.32.0-win32-x64\jre\17.0.11-win32-x86_64\bin\jli.dll
0x00007ff93dd80000 - 0x00007ff93de91000 	C:\WINDOWS\System32\ucrtbase.dll
0x00007ff93f3b0000 - 0x00007ff93f55e000 	C:\WINDOWS\System32\USER32.dll
0x00007ff93e6c0000 - 0x00007ff93e6e6000 	C:\WINDOWS\System32\win32u.dll
0x00007ff93f560000 - 0x00007ff93f589000 	C:\WINDOWS\System32\GDI32.dll
0x00007ff91cd60000 - 0x00007ff91cff3000 	C:\WINDOWS\WinSxS\amd64_microsoft.windows.common-controls_6595b64144ccf1df_6.0.22621.3672_none_2713b9d173822955\COMCTL32.dll
0x00007ff93e5a0000 - 0x00007ff93e6b9000 	C:\WINDOWS\System32\gdi32full.dll
0x00007ff93ea40000 - 0x00007ff93eae7000 	C:\WINDOWS\System32\msvcrt.dll
0x00007ff93dce0000 - 0x00007ff93dd7a000 	C:\WINDOWS\System32\msvcp_win.dll
0x00007ff93e780000 - 0x00007ff93e7b1000 	C:\WINDOWS\System32\IMM32.DLL
0x00007ff916dd0000 - 0x00007ff916ddc000 	c:\Users\sockm\.vscode\extensions\redhat.java-1.32.0-win32-x64\jre\17.0.11-win32-x86_64\bin\vcruntime140_1.dll
0x00007ff89c580000 - 0x00007ff89c60d000 	c:\Users\sockm\.vscode\extensions\redhat.java-1.32.0-win32-x64\jre\17.0.11-win32-x86_64\bin\msvcp140.dll
0x00007ff87e9a0000 - 0x00007ff87f602000 	c:\Users\sockm\.vscode\extensions\redhat.java-1.32.0-win32-x64\jre\17.0.11-win32-x86_64\bin\server\jvm.dll
0x00007ff93e7c0000 - 0x00007ff93e872000 	C:\WINDOWS\System32\ADVAPI32.dll
0x00007ff93ff40000 - 0x00007ff93ffe9000 	C:\WINDOWS\System32\sechost.dll
0x00007ff93e570000 - 0x00007ff93e598000 	C:\WINDOWS\System32\bcrypt.dll
0x00007ff93f6e0000 - 0x00007ff93f7f4000 	C:\WINDOWS\System32\RPCRT4.dll
0x00007ff93d280000 - 0x00007ff93d2cd000 	C:\WINDOWS\SYSTEM32\POWRPROF.dll
0x00007ff91fe20000 - 0x00007ff91fe29000 	C:\WINDOWS\SYSTEM32\WSOCK32.dll
0x00007ff93e700000 - 0x00007ff93e771000 	C:\WINDOWS\System32\WS2_32.dll
0x00007ff938f60000 - 0x00007ff938f6a000 	C:\WINDOWS\SYSTEM32\VERSION.dll
0x00007ff938310000 - 0x00007ff938344000 	C:\WINDOWS\SYSTEM32\WINMM.dll
0x00007ff93d220000 - 0x00007ff93d233000 	C:\WINDOWS\SYSTEM32\UMPDC.dll
0x00007ff93ccd0000 - 0x00007ff93cce8000 	C:\WINDOWS\SYSTEM32\kernel.appcore.dll
0x00007ff915dc0000 - 0x00007ff915dca000 	c:\Users\sockm\.vscode\extensions\redhat.java-1.32.0-win32-x64\jre\17.0.11-win32-x86_64\bin\jimage.dll
0x00007ff9340b0000 - 0x00007ff9342e2000 	C:\WINDOWS\SYSTEM32\DBGHELP.DLL
0x00007ff940270000 - 0x00007ff9405f8000 	C:\WINDOWS\System32\combase.dll
0x00007ff940650000 - 0x00007ff940727000 	C:\WINDOWS\System32\OLEAUT32.dll
0x00007ff933da0000 - 0x00007ff933dd2000 	C:\WINDOWS\SYSTEM32\dbgcore.DLL
0x00007ff93dea0000 - 0x00007ff93df1b000 	C:\WINDOWS\System32\bcryptPrimitives.dll
0x00007ff915d40000 - 0x00007ff915d4e000 	c:\Users\sockm\.vscode\extensions\redhat.java-1.32.0-win32-x64\jre\17.0.11-win32-x86_64\bin\instrument.dll
0x00007ff89c4e0000 - 0x00007ff89c505000 	c:\Users\sockm\.vscode\extensions\redhat.java-1.32.0-win32-x64\jre\17.0.11-win32-x86_64\bin\java.dll
0x00007ff8a15d0000 - 0x00007ff8a15e8000 	c:\Users\sockm\.vscode\extensions\redhat.java-1.32.0-win32-x64\jre\17.0.11-win32-x86_64\bin\zip.dll
0x00007ff93eaf0000 - 0x00007ff93f34f000 	C:\WINDOWS\System32\SHELL32.dll
0x00007ff93bbb0000 - 0x00007ff93c4ac000 	C:\WINDOWS\SYSTEM32\windows.storage.dll
0x00007ff93ba70000 - 0x00007ff93bbaf000 	C:\WINDOWS\SYSTEM32\wintypes.dll
0x00007ff940170000 - 0x00007ff940264000 	C:\WINDOWS\System32\SHCORE.dll
0x00007ff940750000 - 0x00007ff9407ae000 	C:\WINDOWS\System32\shlwapi.dll
0x00007ff93dc10000 - 0x00007ff93dc31000 	C:\WINDOWS\SYSTEM32\profapi.dll
0x00007ff89e5b0000 - 0x00007ff89e5c9000 	C:\Users\sockm\.vscode\extensions\redhat.java-1.32.0-win32-x64\jre\17.0.11-win32-x86_64\bin\net.dll
0x00007ff939550000 - 0x00007ff939686000 	C:\WINDOWS\SYSTEM32\WINHTTP.dll
0x00007ff93d1a0000 - 0x00007ff93d209000 	C:\WINDOWS\system32\mswsock.dll
0x00007ff89af90000 - 0x00007ff89afa6000 	C:\Users\sockm\.vscode\extensions\redhat.java-1.32.0-win32-x64\jre\17.0.11-win32-x86_64\bin\nio.dll
0x00007ff90d570000 - 0x00007ff90d580000 	c:\Users\sockm\.vscode\extensions\redhat.java-1.32.0-win32-x64\jre\17.0.11-win32-x86_64\bin\verify.dll
0x00007ff87fe70000 - 0x00007ff87feb4000 	C:\Users\sockm\AppData\Roaming\Code\User\globalStorage\redhat.java\1.32.0\config_ss_win\org.eclipse.equinox.launcher\org.eclipse.equinox.launcher.win32.win32.x86_64_1.2.1100.v20240613-2013\eclipse_11903.dll
0x00007ff93f800000 - 0x00007ff93f9a5000 	C:\WINDOWS\System32\ole32.dll
0x00007ff93d430000 - 0x00007ff93d44b000 	C:\WINDOWS\SYSTEM32\CRYPTSP.dll
0x00007ff93cc30000 - 0x00007ff93cc65000 	C:\WINDOWS\system32\rsaenh.dll
0x00007ff93d2d0000 - 0x00007ff93d2f8000 	C:\WINDOWS\SYSTEM32\USERENV.dll
0x00007ff93d450000 - 0x00007ff93d45c000 	C:\WINDOWS\SYSTEM32\CRYPTBASE.dll
0x00007ff93c710000 - 0x00007ff93c73d000 	C:\WINDOWS\SYSTEM32\IPHLPAPI.DLL
0x00007ff93fe30000 - 0x00007ff93fe39000 	C:\WINDOWS\System32\NSI.dll
0x00007ff9394f0000 - 0x00007ff939509000 	C:\WINDOWS\SYSTEM32\dhcpcsvc6.DLL
0x00007ff939300000 - 0x00007ff93931f000 	C:\WINDOWS\SYSTEM32\dhcpcsvc.DLL
0x00007ff93c780000 - 0x00007ff93c878000 	C:\WINDOWS\SYSTEM32\DNSAPI.dll
0x00007ff85b940000 - 0x00007ff85b985000 	C:\Users\sockm\AppData\Local\Temp\jna-109610281\jna2911390259328910380.dll
0x00007ff93fff0000 - 0x00007ff93fff8000 	C:\WINDOWS\System32\PSAPI.DLL

dbghelp: loaded successfully - version: 4.0.5 - missing functions: none
symbol engine: initialized successfully - sym options: 0x614 - pdb path: .;c:\Users\sockm\.vscode\extensions\redhat.java-1.32.0-win32-x64\jre\17.0.11-win32-x86_64\bin;C:\WINDOWS\SYSTEM32;C:\WINDOWS\WinSxS\amd64_microsoft.windows.common-controls_6595b64144ccf1df_6.0.22621.3672_none_2713b9d173822955;c:\Users\sockm\.vscode\extensions\redhat.java-1.32.0-win32-x64\jre\17.0.11-win32-x86_64\bin\server;C:\Users\sockm\AppData\Roaming\Code\User\globalStorage\redhat.java\1.32.0\config_ss_win\org.eclipse.equinox.launcher\org.eclipse.equinox.launcher.win32.win32.x86_64_1.2.1100.v20240613-2013;C:\Users\sockm\AppData\Local\Temp\jna-109610281

VM Arguments:
jvm_args: --add-modules=ALL-SYSTEM --add-opens=java.base/java.util=ALL-UNNAMED --add-opens=java.base/java.lang=ALL-UNNAMED --add-opens=java.base/sun.nio.fs=ALL-UNNAMED -Declipse.application=org.eclipse.jdt.ls.core.id1 -Dosgi.bundles.defaultStartLevel=4 -Declipse.product=org.eclipse.jdt.ls.core.product -Djava.import.generatesMetadataFilesAtProjectRoot=false -DDetectVMInstallationsJob.disabled=true -Dfile.encoding=utf8 -XX:+UseParallelGC -XX:GCTimeRatio=4 -XX:AdaptiveSizePolicyWeight=90 -Dsun.zip.disableMemoryMapping=true -Xmx1G -Xms100m -Xlog:disable -javaagent:c:\Users\sockm\.vscode\extensions\redhat.java-1.32.0-win32-x64\lombok\lombok-1.18.33.jar 
java_command: c:\Users\sockm\.vscode\extensions\redhat.java-1.32.0-win32-x64\server\plugins\org.eclipse.equinox.launcher_1.6.900.v20240613-2009.jar -configuration c:\Users\sockm\AppData\Roaming\Code\User\globalStorage\redhat.java\1.32.0\config_ss_win -data c:\Users\sockm\AppData\Roaming\Code\User\workspaceStorage\3cac38c22bd907a88ef1ffb2670133f4\redhat.java\ss_ws --pipe=\\.\pipe\lsp-92b6d60591f17a81e15798d21a4a220a-sock
java_class_path (initial): c:\Users\sockm\.vscode\extensions\redhat.java-1.32.0-win32-x64\server\plugins\org.eclipse.equinox.launcher_1.6.900.v20240613-2009.jar
Launcher Type: SUN_STANDARD

[Global flags]
    uintx AdaptiveSizePolicyWeight                 = 90                                        {product} {command line}
     intx CICompilerCount                          = 4                                         {product} {ergonomic}
    uintx GCTimeRatio                              = 4                                         {product} {command line}
   size_t InitialHeapSize                          = 104857600                                 {product} {command line}
   size_t MaxHeapSize                              = 1073741824                                {product} {command line}
   size_t MaxNewSize                               = 357564416                                 {product} {ergonomic}
   size_t MinHeapDeltaBytes                        = 524288                                    {product} {ergonomic}
   size_t MinHeapSize                              = 104857600                                 {product} {command line}
   size_t NewSize                                  = 34603008                                  {product} {ergonomic}
    uintx NonNMethodCodeHeapSize                   = 5839372                                {pd product} {ergonomic}
    uintx NonProfiledCodeHeapSize                  = 122909434                              {pd product} {ergonomic}
   size_t OldSize                                  = 70254592                                  {product} {ergonomic}
    uintx ProfiledCodeHeapSize                     = 122909434                              {pd product} {ergonomic}
    uintx ReservedCodeCacheSize                    = 251658240                              {pd product} {ergonomic}
     bool SegmentedCodeCache                       = true                                      {product} {ergonomic}
   size_t SoftMaxHeapSize                          = 1073741824                             {manageable} {ergonomic}
     bool UseCompressedClassPointers               = true                           {product lp64_product} {ergonomic}
     bool UseCompressedOops                        = true                           {product lp64_product} {ergonomic}
     bool UseLargePagesIndividualAllocation        = false                                  {pd product} {ergonomic}
     bool UseParallelGC                            = true                                      {product} {command line}

Logging:
Log output configuration:
 #0: stdout all=off uptime,level,tags
 #1: stderr all=off uptime,level,tags

Environment Variables:
JAVA_HOME=C:\Program Files\Java\jdk-20
PATH=C:\Program Files\PlasticSCM5\server;C:\Program Files\PlasticSCM5\client;C:\Program Files\Oculus\Support\oculus-runtime;C:\Program Files\Common Files\Oracle\Java\javapath;C:\Program Files (x86)\Common Files\Oracle\Java\javapath;C:\Windows\system32;C:\Windows;C:\Windows\System32\Wbem;C:\Windows\System32\WindowsPowerShell\v1.0\;C:\Windows\System32\OpenSSH\;C:\Program Files (x86)\NVIDIA Corporation\PhysX\Common;C:\Program Files\NVIDIA Corporation\NVIDIA NvDLISR;C:\WINDOWS\system32;C:\WINDOWS;C:\WINDOWS\System32\Wbem;C:\WINDOWS\System32\WindowsPowerShell\v1.0\;C:\WINDOWS\System32\OpenSSH\;C:\Program Files\WorldPainter;C:\Program Files\Microsoft SQL Server\130\Tools\Binn\;C:\Program Files\Microsoft SQL Server\Client SDK\ODBC\170\Tools\Binn\;C:\Program Files\Airshipper\;C:\WINDOWS\system32;C:\WINDOWS;C:\WINDOWS\System32\Wbem;C:\WINDOWS\System32\WindowsPowerShell\v1.0\;C:\WINDOWS\System32\OpenSSH\;D:\Program Files\Git\cmd;C:\Users\sockm\AppData\Local\Programs\Python\Python312\Scripts;C:\Users\sockm\Downloads\ffmpeg-6.0-essentials_build\ffmpeg-6.0-essentials_build\bin;C:\Program Files\dotnet\;D:\Program Files\nodejs\;C:\Program Files\gsudo\Current;D:\msys64\ucrt64\bin;D:\Program Files\CMake\bin;D:\Choco\bin;C:\Users\sockm\AppData\Local\Programs\Python\Python312\Scripts\;C:\Users\sockm\AppData\Local\Programs\Python\Python312\;C:\Users\sockm\AppData\Local\Microsoft\WindowsApps;C:\Users\sockm\AppData\Local\atom\bin;C:\Users\sockm\AppData\Local\Microsoft\WindowsApps;C:\Users\sockm\AppData\Local\GitHubDesktop\bin;C:\Users\sockm\Downloads\ffmpeg-6.0-essentials_build\ffmpeg-6.0-essentials_build\bin;C:\Users\sockm\.dotnet\tools;C:\Users\sockm\Downloads\swigwin-4.1.1;D:\Users\Microsoft VS Code\bin;C:\Users\sockm\AppData\Roaming\npm;C:\Program Files\Common Files\Oracle\Java\javapath;C:\Program Files\Java\jdk-20\bin;C:\Program Files\apache-maven-3.9.4\bin;C:\ProgramData\mingw64\mingw64\bin;D:\msys64\ucrt64\bin;
USERNAME=sockm
OS=Windows_NT
PROCESSOR_IDENTIFIER=Intel64 Family 6 Model 165 Stepping 2, GenuineIntel
TMP=C:\Users\sockm\AppData\Local\Temp
TEMP=C:\Users\sockm\AppData\Local\Temp



Periodic native trim disabled


---------------  S Y S T E M  ---------------

OS:
 Windows 11 , 64 bit Build 22621 (10.0.22621.3672)
OS uptime: 10 days 22:00 hours
Hyper-V role detected

CPU: total 12 (initial active 12) (6 cores per cpu, 2 threads per core) family 6 model 165 stepping 2 microcode 0xe2, cx8, cmov, fxsr, ht, mmx, 3dnowpref, sse, sse2, sse3, ssse3, sse4.1, sse4.2, popcnt, lzcnt, tsc, tscinvbit, avx, avx2, aes, erms, clmul, bmi1, bmi2, adx, fma, vzeroupper, clflush, clflushopt, hv
Processor Information for all 12 processors :
  Max Mhz: 2592, Current Mhz: 2592, Mhz Limit: 2592

Memory: 4k page, system-wide physical 16204M (809M free)
TotalPageFile size 65356M (AvailPageFile size 80M)
current process WorkingSet (physical memory assigned to process): 677M, peak: 688M
current process commit charge ("private bytes"): 720M, peak: 726M

vm_info: OpenJDK 64-Bit Server VM (17.0.11+9) for windows-amd64 JRE (17.0.11+9), built on Apr 17 2024 06:07:48 by "admin" with MS VC++ 16.10 / 16.11 (VS2019)

END.
